2019-03-21 13:29:18,726 - INFO - ==================================================
2019-03-21 13:29:18,726 - INFO - ==== STARTING INGESTION: 21/03/2019 13:29:18 =====
2019-03-21 13:29:18,726 - INFO - ==================================================
2019-03-21 13:29:19,016 - FATAL - java.lang.IllegalStateException: Cannot call methods on a stopped SparkContext.
This stopped SparkContext was created at:

org.apache.spark.SparkContext.<init>(SparkContext.scala:75)
com.lbp.ingestion.Main$.main(Main.scala:57)
com.lbp.ingestion.Main.main(Main.scala)
sun.reflect.NativeMethodAccessorImpl.invoke0(Native Method)
sun.reflect.NativeMethodAccessorImpl.invoke(NativeMethodAccessorImpl.java:62)
sun.reflect.DelegatingMethodAccessorImpl.invoke(DelegatingMethodAccessorImpl.java:43)
java.lang.reflect.Method.invoke(Method.java:498)
org.apache.spark.deploy.JavaMainApplication.start(SparkApplication.scala:52)
org.apache.spark.deploy.SparkSubmit$.org$apache$spark$deploy$SparkSubmit$$runMain(SparkSubmit.scala:894)
org.apache.spark.deploy.SparkSubmit$.doRunMain$1(SparkSubmit.scala:198)
org.apache.spark.deploy.SparkSubmit$.submit(SparkSubmit.scala:228)
org.apache.spark.deploy.SparkSubmit$.main(SparkSubmit.scala:137)
org.apache.spark.deploy.SparkSubmit.main(SparkSubmit.scala)

The currently active SparkContext was created at:

(No active SparkContext.)
         
2019-03-21 13:29:19,016 - INFO - ==================================================
2019-03-21 13:29:19,016 - INFO - ================ END OF INGESTION ================
2019-03-21 13:29:19,017 - INFO - ==================================================
